<?xml version="1.0" encoding="UTF-8"?>
<!-- Generated by org.testng.reporters.JUnitReportReporter -->
<testsuite hostname="DESKTOP-V2249DR" failures="0" tests="2" name="com.testng.SkipTest" time="3.990" errors="0" timestamp="2022-04-20T18:53:14 IST" skipped="1">
  <testcase classname="com.testng.SkipTest" name="openInstagram" time="3.990"/>
  <system-out/>
  <testcase classname="com.testng.SkipTest" name="openFacebook">
    <skipped/>
  </testcase> <!-- openFacebook -->
  <system-out/>
</testsuite> <!-- com.testng.SkipTest -->
