<?xml version="1.0" encoding="UTF-8"?>
<!-- Generated by org.testng.reporters.JUnitReportReporter -->
<testsuite hostname="DESKTOP-V2249DR" failures="0" tests="1" name="com.testng.Sample" time="0.019" errors="0" timestamp="2022-04-19T12:13:34 IST" skipped="0">
  <testcase classname="com.testng.Sample" name="hello" time="0.019"/>
  <system-out/>
</testsuite> <!-- com.testng.Sample -->
