<?xml version="1.0" encoding="UTF-8"?>
<!-- Generated by org.testng.reporters.JUnitReportReporter -->
<testsuite hostname="DESKTOP-V2249DR" failures="0" tests="4" name="com.testng.Dependency" time="16.024" errors="0" timestamp="2022-04-20T19:02:55 IST" skipped="0">
  <testcase classname="com.testng.Dependency" name="openInstagram" time="4.150"/>
  <system-out/>
  <testcase classname="com.testng.Dependency" name="openFacebook" time="2.924"/>
  <system-out/>
  <testcase classname="com.testng.Dependency" name="openAmazon" time="4.623"/>
  <system-out/>
  <testcase classname="com.testng.Dependency" name="openTwitter" time="4.327"/>
  <system-out/>
</testsuite> <!-- com.testng.Dependency -->
