<?xml version="1.0" encoding="UTF-8"?>
<!-- Generated by org.testng.reporters.JUnitReportReporter -->
<testsuite hostname="DESKTOP-V2249DR" failures="0" tests="3" name="com.testng.Timeout" time="13.310" errors="0" timestamp="2022-04-22T23:53:41 IST" skipped="0">
  <testcase classname="com.testng.Timeout" name="openInstagram" time="4.000"/>
  <system-out/>
  <testcase classname="com.testng.Timeout" name="openFacebook" time="3.036"/>
  <system-out/>
  <testcase classname="com.testng.Timeout" name="openAmazon" time="6.274"/>
  <system-out/>
</testsuite> <!-- com.testng.Timeout -->
