<?xml version="1.0" encoding="UTF-8"?>
<!-- Generated by org.testng.reporters.JUnitReportReporter -->
<testsuite hostname="DESKTOP-V2249DR" failures="0" tests="2" name="com.testng.ParallelTest" time="11.747" errors="0" timestamp="2022-04-22T23:27:47 IST" skipped="0">
  <testcase classname="com.testng.ParallelTest" name="openInstagram" time="6.022"/>
  <system-out/>
  <testcase classname="com.testng.ParallelTest" name="openFacebook" time="5.725"/>
  <system-out/>
</testsuite> <!-- com.testng.ParallelTest -->
