<?xml version="1.0" encoding="UTF-8"?>
<!-- Generated by org.testng.reporters.JUnitReportReporter -->
<testsuite hostname="DESKTOP-V2249DR" failures="0" tests="2" name="com.testng.Groups" time="0.010" errors="0" timestamp="2022-04-20T19:26:28 IST" skipped="0">
  <testcase classname="com.testng.Groups" name="redmi1" time="0.001"/>
  <system-out/>
  <testcase classname="com.testng.Groups" name="redmi" time="0.009"/>
  <system-out/>
</testsuite> <!-- com.testng.Groups -->
