<?xml version="1.0" encoding="UTF-8"?>
<!-- Generated by org.testng.reporters.JUnitReportReporter -->
<testsuite hostname="DESKTOP-V2249DR" failures="0" tests="1" name="com.testng.Parameterized" time="0.185" errors="0" timestamp="2022-04-23T00:13:35 IST" skipped="0">
  <testcase classname="com.testng.Parameterized" name="login" time="0.185"/>
  <system-out/>
</testsuite> <!-- com.testng.Parameterized -->
