<?xml version="1.0" encoding="UTF-8"?>
<!-- Generated by org.testng.reporters.JUnitReportReporter -->
<testsuite hostname="DESKTOP-V2249DR" failures="0" tests="3" name="com.testng.Priority" time="14.027" errors="0" timestamp="2022-04-20T18:41:29 IST" skipped="0">
  <testcase classname="com.testng.Priority" name="openInstagram" time="5.275"/>
  <system-out/>
  <testcase classname="com.testng.Priority" name="openFacebook" time="3.198"/>
  <system-out/>
  <testcase classname="com.testng.Priority" name="openAmazon" time="5.554"/>
  <system-out/>
</testsuite> <!-- com.testng.Priority -->
