<?xml version="1.0" encoding="UTF-8"?>
<!-- Generated by org.testng.reporters.JUnitReportReporter -->
<testsuite hostname="DESKTOP-V2249DR" failures="0" tests="2" name="com.testng.Dataprov" time="9.516" errors="0" timestamp="2022-04-23T00:45:05 IST" skipped="0">
  <testcase classname="com.testng.Dataprov" name="login" time="4.843"/>
  <system-out/>
  <testcase classname="com.testng.Dataprov" name="login" time="4.673"/>
  <system-out/>
</testsuite> <!-- com.testng.Dataprov -->
